This file contains any messages produced by compilers while
running configure, to aid debugging if configure makes a mistake.

It was created by configure, which was
generated by GNU Autoconf 2.65.  Invocation command line was

  $ ./configure 

## --------- ##
## Platform. ##
## --------- ##

hostname = slsu0-23
uname -m = i686
uname -r = 2.6.30-bpo.2-686-bigmem
uname -s = Linux
uname -v = #1 SMP Tue Sep 22 17:04:54 UTC 2009

/usr/bin/uname -p = unknown
/bin/uname -X     = unknown

/bin/arch              = unknown
/usr/bin/arch -k       = unknown
/usr/convex/getsysinfo = unknown
/usr/bin/hostinfo      = unknown
/bin/machine           = unknown
/usr/bin/oslevel       = unknown
/bin/universe          = unknown

PATH: /usr/local/bin
PATH: /usr/bin
PATH: /bin
PATH: /usr/games


## ----------- ##
## Core tests. ##
## ----------- ##

configure:1663: checking for ocamlc
configure:1679: found /usr/bin/ocamlc
configure:1691: result: ocamlc
configure:1724: checking for ocamlopt
configure:1740: found /usr/bin/ocamlopt
configure:1752: result: ocamlopt
configure:1765: checking ocamlopt version
configure:1773: result: ok
configure:1782: checking for ocamlc.opt
configure:1810: result: no
configure:1836: checking for ocamlopt.opt
configure:1864: result: no
configure:1890: checking for ocamldep
configure:1906: found /usr/bin/ocamldep
configure:1918: result: ocamldep
configure:1932: checking for ocamllex
configure:1948: found /usr/bin/ocamllex
configure:1960: result: ocamllex
configure:1973: checking for ocamllex.opt
configure:2001: result: no
configure:2016: checking for ocamlyacc
configure:2032: found /usr/bin/ocamlyacc
configure:2044: result: ocamlyacc
configure:2058: checking for ocamldoc
configure:2074: found /usr/bin/ocamldoc
configure:2086: result: ocamldoc
configure:2100: checking for ocamldoc.opt
configure:2128: result: no
configure:2143: checking for ocamlweb
configure:2171: result: true
configure:2182: checking for ocamlfind
configure:2198: found /usr/bin/ocamlfind
configure:2209: result: ocamlfind
configure:2226: checking for /usr/lib/ocaml/3.10.2/lablgtk2/lablgtk.cmxa
configure:2240: result: yes
configure:2252: checking for /usr/lib/ocaml/3.10.2/lablgtk2/lablgnomecanvas.cmxa
configure:2266: result: no
configure:2281: checking Win32 platform
configure:2290: result: no
configure:2301: WARNING: lablgnomecanvas not found: the graph editor and view_graph will not be compiled
configure:2465: creating ./config.status

## ---------------------- ##
## Running config.status. ##
## ---------------------- ##

This file was extended by config.status, which was
generated by GNU Autoconf 2.65.  Invocation command line was

  CONFIG_FILES    = 
  CONFIG_HEADERS  = 
  CONFIG_LINKS    = 
  CONFIG_COMMANDS = 
  $ ./config.status 

on slsu0-23

config.status:736: creating Makefile

## ---------------- ##
## Cache variables. ##
## ---------------- ##

ac_cv_env_build_alias_set=
ac_cv_env_build_alias_value=
ac_cv_env_host_alias_set=
ac_cv_env_host_alias_value=
ac_cv_env_target_alias_set=
ac_cv_env_target_alias_value=
ac_cv_file__usr_lib_ocaml_3_10_2_lablgtk2_lablgnomecanvas_cmxa=no
ac_cv_file__usr_lib_ocaml_3_10_2_lablgtk2_lablgtk_cmxa=yes
ac_cv_prog_OCAMLC=ocamlc
ac_cv_prog_OCAMLCDOTOPT=no
ac_cv_prog_OCAMLDEP=ocamldep
ac_cv_prog_OCAMLDOC=ocamldoc
ac_cv_prog_OCAMLDOCOPT=no
ac_cv_prog_OCAMLFIND=ocamlfind
ac_cv_prog_OCAMLLEX=ocamllex
ac_cv_prog_OCAMLLEXDOTOPT=no
ac_cv_prog_OCAMLOPT=ocamlopt
ac_cv_prog_OCAMLOPTDOTOPT=no
ac_cv_prog_OCAMLWEB=true
ac_cv_prog_OCAMLYACC=ocamlyacc

## ----------------- ##
## Output variables. ##
## ----------------- ##

DEFS='-DPACKAGE_NAME=\"\" -DPACKAGE_TARNAME=\"\" -DPACKAGE_VERSION=\"\" -DPACKAGE_STRING=\"\" -DPACKAGE_BUGREPORT=\"\" -DPACKAGE_URL=\"\"'
ECHO_C=''
ECHO_N='-n'
ECHO_T=''
EXE=''
INCLUDEGTK2='-I +lablgtk2'
LABLGNOMECANVAS='no'
LABLGTK2='yes'
LIBEXT='.a'
LIBOBJS=''
LIBS=''
LTLIBOBJS=''
OBJEXT='.o'
OCAMLBEST='opt'
OCAMLC='ocamlc'
OCAMLCDOTOPT='no'
OCAMLDEP='ocamldep'
OCAMLDOC='ocamldoc'
OCAMLDOCOPT='no'
OCAMLFIND='ocamlfind'
OCAMLLEX='ocamllex'
OCAMLLEXDOTOPT='no'
OCAMLLIB='/usr/lib/ocaml/3.10.2'
OCAMLOPT='ocamlopt'
OCAMLOPTDOTOPT='no'
OCAMLVERSION='3.10.2'
OCAMLWEB='true'
OCAMLWIN32='no'
OCAMLYACC='ocamlyacc'
PACKAGE_BUGREPORT=''
PACKAGE_NAME=''
PACKAGE_STRING=''
PACKAGE_TARNAME=''
PACKAGE_URL=''
PACKAGE_VERSION=''
PATH_SEPARATOR=':'
SHELL='/bin/sh'
bindir='${exec_prefix}/bin'
build_alias=''
datadir='${datarootdir}'
datarootdir='${prefix}/share'
docdir='${datarootdir}/doc/${PACKAGE}'
dvidir='${docdir}'
exec_prefix='${prefix}'
host_alias=''
htmldir='${docdir}'
includedir='${prefix}/include'
infodir='${datarootdir}/info'
libdir='${exec_prefix}/lib'
libexecdir='${exec_prefix}/libexec'
localedir='${datarootdir}/locale'
localstatedir='${prefix}/var'
mandir='${datarootdir}/man'
oldincludedir='/usr/include'
pdfdir='${docdir}'
prefix='/usr/local'
program_transform_name='s,x,x,'
psdir='${docdir}'
sbindir='${exec_prefix}/sbin'
sharedstatedir='${prefix}/com'
sysconfdir='${prefix}/etc'
target_alias=''

## ----------- ##
## confdefs.h. ##
## ----------- ##

/* confdefs.h */
#define PACKAGE_NAME ""
#define PACKAGE_TARNAME ""
#define PACKAGE_VERSION ""
#define PACKAGE_STRING ""
#define PACKAGE_BUGREPORT ""
#define PACKAGE_URL ""

configure: exit 0
